# JRE version: OpenJDK Runtime Environment Temurin-21.0.10+7 (21.0.10+7) (build 21.0.10+7-LTS)
# Java VM: OpenJDK 64-Bit Server VM Temurin-21.0.10+7 (21.0.10+7-LTS, mixed mode, sharing, tiered, compressed oops, compressed class ptrs, parallel gc, windows-amd64)
GC Precious Log:
 CardTable entry size: 512
 CPUs: 12 total, 12 available
 Memory: 15631M
 Large Page Support: Disabled
 NUMA Support: Disabled
 Compressed Oops: Enabled (32-bit)
 Alignments: Space 512K, Generation 512K, Heap 2M
 Heap Min Capacity: 100M
 Heap Initial Capacity: 100M
 Heap Max Capacity: 2G
 Pre-touch: Disabled
 Parallel Workers: 10
Heap:
 PSYoungGen      total 11264K, used 9378K [0x00000000d5580000, 0x00000000d6300000, 0x0000000100000000)
  eden space 10240K, 82% used [0x00000000d5580000,0x00000000d5db4b88,0x00000000d5f80000)
  from space 1024K, 96% used [0x00000000d6200000,0x00000000d62f8000,0x00000000d6300000)
  to   space 1536K, 0% used [0x00000000d6000000,0x00000000d6000000,0x00000000d6180000)
 ParOldGen       total 68608K, used 65548K [0x0000000080000000, 0x0000000084300000, 0x00000000d5580000)
  object space 68608K, 95% used [0x0000000080000000,0x0000000084003208,0x0000000084300000)
 Metaspace       used 55005K, committed 56320K, reserved 1114112K
  class space    used 5955K, committed 6528K, reserved 1048576K
GC Heap History (20 events):
Event: 8.922 GC heap before
{Heap before GC invocations=37 (full 2):
 PSYoungGen      total 11264K, used 10872K [0x00000000d5580000, 0x00000000d6400000, 0x0000000100000000)
  eden space 10240K, 100% used [0x00000000d5580000,0x00000000d5f80000,0x00000000d5f80000)
  from space 1024K, 61% used [0x00000000d6300000,0x00000000d639e2e8,0x00000000d6400000)
  to   space 1024K, 0% used [0x00000000d6200000,0x00000000d6200000,0x00000000d6300000)
 ParOldGen       total 68608K, used 55467K [0x0000000080000000, 0x0000000084300000, 0x00000000d5580000)
  object space 68608K, 80% used [0x0000000080000000,0x000000008362adc0,0x0000000084300000)
 Metaspace       used 50961K, committed 52096K, reserved 1114112K
  class space    used 5579K, committed 6080K, reserved 1048576K
}
Event: 8.923 GC heap after
{Heap after GC invocations=37 (full 2):
 PSYoungGen      total 11264K, used 656K [0x00000000d5580000, 0x00000000d6380000, 0x0000000100000000)
  eden space 10240K, 0% used [0x00000000d5580000,0x00000000d5580000,0x00000000d5f80000)
  from space 1024K, 64% used [0x00000000d6200000,0x00000000d62a43c8,0x00000000d6300000)
  to   space 512K, 0% used [0x00000000d6300000,0x00000000d6300000,0x00000000d6380000)
 ParOldGen       total 68608K, used 55945K [0x0000000080000000, 0x0000000084300000, 0x00000000d5580000)
  object space 68608K, 81% used [0x0000000080000000,0x00000000836a2568,0x0000000084300000)
 Metaspace       used 50961K, committed 52096K, reserved 1114112K
  class space    used 5579K, committed 6080K, reserved 1048576K
}
Event: 9.046 GC heap before
{Heap before GC invocations=38 (full 2):
 PSYoungGen      total 11264K, used 10896K [0x00000000d5580000, 0x00000000d6380000, 0x0000000100000000)
  eden space 10240K, 100% used [0x00000000d5580000,0x00000000d5f80000,0x00000000d5f80000)
  from space 1024K, 64% used [0x00000000d6200000,0x00000000d62a43c8,0x00000000d6300000)
  to   space 512K, 0% used [0x00000000d6300000,0x00000000d6300000,0x00000000d6380000)
 ParOldGen       total 68608K, used 55945K [0x0000000080000000, 0x0000000084300000, 0x00000000d5580000)
  object space 68608K, 81% used [0x0000000080000000,0x00000000836a2568,0x0000000084300000)
 Metaspace       used 51254K, committed 52480K, reserved 1114112K
  class space    used 5640K, committed 6144K, reserved 1048576K
}
Event: 9.047 GC heap after
{Heap after GC invocations=38 (full 2):
 PSYoungGen      total 10752K, used 384K [0x00000000d5580000, 0x00000000d6380000, 0x0000000100000000)
  eden space 10240K, 0% used [0x00000000d5580000,0x00000000d5580000,0x00000000d5f80000)
  from space 512K, 75% used [0x00000000d6300000,0x00000000d6360000,0x00000000d6380000)
  to   space 512K, 0% used [0x00000000d6280000,0x00000000d6280000,0x00000000d6300000)
 ParOldGen       total 68608K, used 56496K [0x0000000080000000, 0x0000000084300000, 0x00000000d5580000)
  object space 68608K, 82% used [0x0000000080000000,0x000000008372c1f8,0x0000000084300000)
 Metaspace       used 51254K, committed 52480K, reserved 1114112K
  class space    used 5640K, committed 6144K, reserved 1048576K
}
Event: 9.264 GC heap before
{Heap before GC invocations=39 (full 2):
 PSYoungGen      total 10752K, used 10577K [0x00000000d5580000, 0x00000000d6380000, 0x0000000100000000)
  eden space 10240K, 99% used [0x00000000d5580000,0x00000000d5f745b0,0x00000000d5f80000)
  from space 512K, 75% used [0x00000000d6300000,0x00000000d6360000,0x00000000d6380000)
  to   space 512K, 0% used [0x00000000d6280000,0x00000000d6280000,0x00000000d6300000)
 ParOldGen       total 68608K, used 56496K [0x0000000080000000, 0x0000000084300000, 0x00000000d5580000)
  object space 68608K, 82% used [0x0000000080000000,0x000000008372c1f8,0x0000000084300000)
 Metaspace       used 51879K, committed 53056K, reserved 1114112K
  class space    used 5698K, committed 6208K, reserved 1048576K
}
Event: 9.265 GC heap after
{Heap after GC invocations=39 (full 2):
 PSYoungGen      total 10752K, used 352K [0x00000000d5580000, 0x00000000d6380000, 0x0000000100000000)
  eden space 10240K, 0% used [0x00000000d5580000,0x00000000d5580000,0x00000000d5f80000)
  from space 512K, 68% used [0x00000000d6280000,0x00000000d62d8000,0x00000000d6300000)
  to   space 512K, 0% used [0x00000000d6300000,0x00000000d6300000,0x00000000d6380000)
 ParOldGen       total 68608K, used 56712K [0x0000000080000000, 0x0000000084300000, 0x00000000d5580000)
  object space 68608K, 82% used [0x0000000080000000,0x00000000837621f8,0x0000000084300000)
 Metaspace       used 51879K, committed 53056K, reserved 1114112K
  class space    used 5698K, committed 6208K, reserved 1048576K
}
Event: 9.521 GC heap before
{Heap before GC invocations=40 (full 2):
 PSYoungGen      total 10752K, used 10592K [0x00000000d5580000, 0x00000000d6380000, 0x0000000100000000)
  eden space 10240K, 100% used [0x00000000d5580000,0x00000000d5f80000,0x00000000d5f80000)
  from space 512K, 68% used [0x00000000d6280000,0x00000000d62d8000,0x00000000d6300000)
  to   space 512K, 0% used [0x00000000d6300000,0x00000000d6300000,0x00000000d6380000)
 ParOldGen       total 68608K, used 56712K [0x0000000080000000, 0x0000000084300000, 0x00000000d5580000)
  object space 68608K, 82% used [0x0000000080000000,0x00000000837621f8,0x0000000084300000)
 Metaspace       used 52637K, committed 53824K, reserved 1114112K
  class space    used 5766K, committed 6272K, reserved 1048576K
}
Event: 9.522 GC heap after
{Heap after GC invocations=40 (full 2):
 PSYoungGen      total 10752K, used 505K [0x00000000d5580000, 0x00000000d6380000, 0x0000000100000000)
  eden space 10240K, 0% used [0x00000000d5580000,0x00000000d5580000,0x00000000d5f80000)
  from space 512K, 98% used [0x00000000d6300000,0x00000000d637e500,0x00000000d6380000)
  to   space 1024K, 0% used [0x00000000d6180000,0x00000000d6180000,0x00000000d6280000)
 ParOldGen       total 68608K, used 56964K [0x0000000080000000, 0x0000000084300000, 0x00000000d5580000)
  object space 68608K, 83% used [0x0000000080000000,0x00000000837a10e8,0x0000000084300000)
 Metaspace       used 52637K, committed 53824K, reserved 1114112K
  class space    used 5766K, committed 6272K, reserved 1048576K
}
Event: 9.627 GC heap before
{Heap before GC invocations=41 (full 2):
 PSYoungGen      total 10752K, used 10745K [0x00000000d5580000, 0x00000000d6380000, 0x0000000100000000)
  eden space 10240K, 100% used [0x00000000d5580000,0x00000000d5f80000,0x00000000d5f80000)
  from space 512K, 98% used [0x00000000d6300000,0x00000000d637e500,0x00000000d6380000)
  to   space 1024K, 0% used [0x00000000d6180000,0x00000000d6180000,0x00000000d6280000)
 ParOldGen       total 68608K, used 56964K [0x0000000080000000, 0x0000000084300000, 0x00000000d5580000)
  object space 68608K, 83% used [0x0000000080000000,0x00000000837a10e8,0x0000000084300000)
 Metaspace       used 52638K, committed 53824K, reserved 1114112K
  class space    used 5766K, committed 6272K, reserved 1048576K
}
Event: 9.629 GC heap after
{Heap after GC invocations=41 (full 2):
 PSYoungGen      total 11264K, used 1016K [0x00000000d5580000, 0x00000000d6880000, 0x0000000100000000)
  eden space 10240K, 0% used [0x00000000d5580000,0x00000000d5580000,0x00000000d5f80000)
  from space 1024K, 99% used [0x00000000d6180000,0x00000000d627e128,0x00000000d6280000)
  to   space 4608K, 0% used [0x00000000d6400000,0x00000000d6400000,0x00000000d6880000)
 ParOldGen       total 68608K, used 59568K [0x0000000080000000, 0x0000000084300000, 0x00000000d5580000)
  object space 68608K, 86% used [0x0000000080000000,0x0000000083a2c0c0,0x0000000084300000)
 Metaspace       used 52638K, committed 53824K, reserved 1114112K
  class space    used 5766K, committed 6272K, reserved 1048576K
}
Event: 10.759 GC heap before
{Heap before GC invocations=42 (full 2):
 PSYoungGen      total 11264K, used 11256K [0x00000000d5580000, 0x00000000d6880000, 0x0000000100000000)
  eden space 10240K, 100% used [0x00000000d5580000,0x00000000d5f80000,0x00000000d5f80000)
  from space 1024K, 99% used [0x00000000d6180000,0x00000000d627e128,0x00000000d6280000)
  to   space 4608K, 0% used [0x00000000d6400000,0x00000000d6400000,0x00000000d6880000)
 ParOldGen       total 68608K, used 59602K [0x0000000080000000, 0x0000000084300000, 0x00000000d5580000)
  object space 68608K, 86% used [0x0000000080000000,0x0000000083a34b88,0x0000000084300000)
 Metaspace       used 53051K, committed 54336K, reserved 1114112K
  class space    used 5800K, committed 6400K, reserved 1048576K
}
Event: 10.766 GC heap after
{Heap after GC invocations=42 (full 2):
 PSYoungGen      total 13312K, used 2912K [0x00000000d5580000, 0x00000000d6700000, 0x0000000100000000)
  eden space 10240K, 0% used [0x00000000d5580000,0x00000000d5580000,0x00000000d5f80000)
  from space 3072K, 94% used [0x00000000d6400000,0x00000000d66d82f8,0x00000000d6700000)
  to   space 3584K, 0% used [0x00000000d6000000,0x00000000d6000000,0x00000000d6380000)
 ParOldGen       total 68608K, used 60631K [0x0000000080000000, 0x0000000084300000, 0x00000000d5580000)
  object space 68608K, 88% used [0x0000000080000000,0x0000000083b35da8,0x0000000084300000)
 Metaspace       used 53051K, committed 54336K, reserved 1114112K
  class space    used 5800K, committed 6400K, reserved 1048576K
}
Event: 11.011 GC heap before
{Heap before GC invocations=43 (full 2):
 PSYoungGen      total 13312K, used 13152K [0x00000000d5580000, 0x00000000d6700000, 0x0000000100000000)
  eden space 10240K, 100% used [0x00000000d5580000,0x00000000d5f80000,0x00000000d5f80000)
  from space 3072K, 94% used [0x00000000d6400000,0x00000000d66d82f8,0x00000000d6700000)
  to   space 3584K, 0% used [0x00000000d6000000,0x00000000d6000000,0x00000000d6380000)
 ParOldGen       total 68608K, used 60697K [0x0000000080000000, 0x0000000084300000, 0x00000000d5580000)
  object space 68608K, 88% used [0x0000000080000000,0x0000000083b46770,0x0000000084300000)
 Metaspace       used 54013K, committed 55296K, reserved 1114112K
  class space    used 5877K, committed 6464K, reserved 1048576K
}
Event: 11.013 GC heap after
{Heap after GC invocations=43 (full 2):
 PSYoungGen      total 11264K, used 800K [0x00000000d5580000, 0x00000000d6480000, 0x0000000100000000)
  eden space 10240K, 0% used [0x00000000d5580000,0x00000000d5580000,0x00000000d5f80000)
  from space 1024K, 78% used [0x00000000d6000000,0x00000000d60c8010,0x00000000d6100000)
  to   space 2048K, 0% used [0x00000000d6280000,0x00000000d6280000,0x00000000d6480000)
 ParOldGen       total 68608K, used 63460K [0x0000000080000000, 0x0000000084300000, 0x00000000d5580000)
  object space 68608K, 92% used [0x0000000080000000,0x0000000083df90b8,0x0000000084300000)
 Metaspace       used 54013K, committed 55296K, reserved 1114112K
  class space    used 5877K, committed 6464K, reserved 1048576K
}
Event: 11.093 GC heap before
{Heap before GC invocations=44 (full 2):
 PSYoungGen      total 11264K, used 11040K [0x00000000d5580000, 0x00000000d6480000, 0x0000000100000000)
  eden space 10240K, 100% used [0x00000000d5580000,0x00000000d5f80000,0x00000000d5f80000)
  from space 1024K, 78% used [0x00000000d6000000,0x00000000d60c8010,0x00000000d6100000)
  to   space 2048K, 0% used [0x00000000d6280000,0x00000000d6280000,0x00000000d6480000)
 ParOldGen       total 68608K, used 63460K [0x0000000080000000, 0x0000000084300000, 0x00000000d5580000)
  object space 68608K, 92% used [0x0000000080000000,0x0000000083df90b8,0x0000000084300000)
 Metaspace       used 54131K, committed 55488K, reserved 1114112K
  class space    used 5887K, committed 6528K, reserved 1048576K
}
Event: 11.094 GC heap after
{Heap after GC invocations=44 (full 2):
 PSYoungGen      total 11264K, used 896K [0x00000000d5580000, 0x00000000d6380000, 0x0000000100000000)
  eden space 10240K, 0% used [0x00000000d5580000,0x00000000d5580000,0x00000000d5f80000)
  from space 1024K, 87% used [0x00000000d6280000,0x00000000d6360020,0x00000000d6380000)
  to   space 1024K, 0% used [0x00000000d6000000,0x00000000d6000000,0x00000000d6100000)
 ParOldGen       total 68608K, used 64124K [0x0000000080000000, 0x0000000084300000, 0x00000000d5580000)
  object space 68608K, 93% used [0x0000000080000000,0x0000000083e9f0e8,0x0000000084300000)
 Metaspace       used 54131K, committed 55488K, reserved 1114112K
  class space    used 5887K, committed 6528K, reserved 1048576K
}
Event: 12.191 GC heap before
{Heap before GC invocations=45 (full 2):
 PSYoungGen      total 11264K, used 11136K [0x00000000d5580000, 0x00000000d6380000, 0x0000000100000000)
  eden space 10240K, 100% used [0x00000000d5580000,0x00000000d5f80000,0x00000000d5f80000)
  from space 1024K, 87% used [0x00000000d6280000,0x00000000d6360020,0x00000000d6380000)
  to   space 1024K, 0% used [0x00000000d6000000,0x00000000d6000000,0x00000000d6100000)
 ParOldGen       total 68608K, used 64124K [0x0000000080000000, 0x0000000084300000, 0x00000000d5580000)
  object space 68608K, 93% used [0x0000000080000000,0x0000000083e9f0e8,0x0000000084300000)
 Metaspace       used 54215K, committed 55552K, reserved 1114112K
  class space    used 5888K, committed 6528K, reserved 1048576K
}
Event: 12.191 GC heap after
{Heap after GC invocations=45 (full 2):
 PSYoungGen      total 11264K, used 768K [0x00000000d5580000, 0x00000000d6300000, 0x0000000100000000)
  eden space 10240K, 0% used [0x00000000d5580000,0x00000000d5580000,0x00000000d5f80000)
  from space 1024K, 75% used [0x00000000d6000000,0x00000000d60c0000,0x00000000d6100000)
  to   space 1024K, 0% used [0x00000000d6200000,0x00000000d6200000,0x00000000d6300000)
 ParOldGen       total 68608K, used 64904K [0x0000000080000000, 0x0000000084300000, 0x00000000d5580000)
  object space 68608K, 94% used [0x0000000080000000,0x0000000083f62178,0x0000000084300000)
 Metaspace       used 54215K, committed 55552K, reserved 1114112K
  class space    used 5888K, committed 6528K, reserved 1048576K
}
Event: 13.270 GC heap before
{Heap before GC invocations=46 (full 2):
 PSYoungGen      total 11264K, used 11008K [0x00000000d5580000, 0x00000000d6300000, 0x0000000100000000)
  eden space 10240K, 100% used [0x00000000d5580000,0x00000000d5f80000,0x00000000d5f80000)
  from space 1024K, 75% used [0x00000000d6000000,0x00000000d60c0000,0x00000000d6100000)
  to   space 1024K, 0% used [0x00000000d6200000,0x00000000d6200000,0x00000000d6300000)
 ParOldGen       total 68608K, used 64904K [0x0000000080000000, 0x0000000084300000, 0x00000000d5580000)
  object space 68608K, 94% used [0x0000000080000000,0x0000000083f62178,0x0000000084300000)
 Metaspace       used 54449K, committed 55808K, reserved 1114112K
  class space    used 5912K, committed 6528K, reserved 1048576K
}
Event: 13.272 GC heap after
{Heap after GC invocations=46 (full 2):
 PSYoungGen      total 11264K, used 992K [0x00000000d5580000, 0x00000000d6300000, 0x0000000100000000)
  eden space 10240K, 0% used [0x00000000d5580000,0x00000000d5580000,0x00000000d5f80000)
  from space 1024K, 96% used [0x00000000d6200000,0x00000000d62f8000,0x00000000d6300000)
  to   space 1536K, 0% used [0x00000000d6000000,0x00000000d6000000,0x00000000d6180000)
 ParOldGen       total 68608K, used 65548K [0x0000000080000000, 0x0000000084300000, 0x00000000d5580000)
  object space 68608K, 95% used [0x0000000080000000,0x0000000084003208,0x0000000084300000)
 Metaspace       used 54449K, committed 55808K, reserved 1114112K
  class space    used 5912K, committed 6528K, reserved 1048576K
}

